execve("./hello", ["./hello"], 0x7ffcb15e7a38 /* 67 vars */) = 0 <0.000135>
brk(NULL)                               = 0x5578a85d1000 <0.000006>
arch_prctl(0x3001 /* ARCH_??? */, 0x7fff7a5adc60) = -1 EINVAL (Invalid argument) <0.000006>
mmap(NULL, 8192, PROT_READ|PROT_WRITE, MAP_PRIVATE|MAP_ANONYMOUS, -1, 0) = 0x7f3978396000 <0.000007>
access("/etc/ld.so.preload", R_OK)      = -1 ENOENT (No such file or directory) <0.000008>
openat(AT_FDCWD, "/etc/ld.so.cache", O_RDONLY|O_CLOEXEC) = 3 <0.000008>
newfstatat(3, "", {st_mode=S_IFREG|0644, st_size=74885, ...}, AT_EMPTY_PATH) = 0 <0.000006>
mmap(NULL, 74885, PROT_READ, MAP_PRIVATE, 3, 0) = 0x7f3978383000 <0.000006>
close(3)                                = 0 <0.000005>
openat(AT_FDCWD, "/lib/x86_64-linux-gnu/libc.so.6", O_RDONLY|O_CLOEXEC) = 3 <0.000007>
read(3, "\177ELF\2\1\1\3\0\0\0\0\0\0\0\0\3\0>\0\1\0\0\0P\237\2\0\0\0\0\0"..., 832) = 832 <0.000006>
pread64(3, "\6\0\0\0\4\0\0\0@\0\0\0\0\0\0\0@\0\0\0\0\0\0\0@\0\0\0\0\0\0\0"..., 784, 64) = 784 <0.000005>
pread64(3, "\4\0\0\0 \0\0\0\5\0\0\0GNU\0\2\0\0\300\4\0\0\0\3\0\0\0\0\0\0\0"..., 48, 848) = 48 <0.000005>
pread64(3, "\4\0\0\0\24\0\0\0\3\0\0\0GNU\0\211\303\313\205\371\345PFwdq\376\320^\304A"..., 68, 896) = 68 <0.000005>
newfstatat(3, "", {st_mode=S_IFREG|0644, st_size=2216304, ...}, AT_EMPTY_PATH) = 0 <0.000006>
pread64(3, "\6\0\0\0\4\0\0\0@\0\0\0\0\0\0\0@\0\0\0\0\0\0\0@\0\0\0\0\0\0\0"..., 784, 64) = 784 <0.000005>
mmap(NULL, 2260560, PROT_READ, MAP_PRIVATE|MAP_DENYWRITE, 3, 0) = 0x7f397815b000 <0.000007>
mmap(0x7f3978183000, 1658880, PROT_READ|PROT_EXEC, MAP_PRIVATE|MAP_FIXED|MAP_DENYWRITE, 3, 0x28000) = 0x7f3978183000 <0.000011>
mmap(0x7f3978318000, 360448, PROT_READ, MAP_PRIVATE|MAP_FIXED|MAP_DENYWRITE, 3, 0x1bd000) = 0x7f3978318000 <0.000007>
mmap(0x7f3978370000, 24576, PROT_READ|PROT_WRITE, MAP_PRIVATE|MAP_FIXED|MAP_DENYWRITE, 3, 0x214000) = 0x7f3978370000 <0.000007>
mmap(0x7f3978376000, 52816, PROT_READ|PROT_WRITE, MAP_PRIVATE|MAP_FIXED|MAP_ANONYMOUS, -1, 0) = 0x7f3978376000 <0.000006>
close(3)                                = 0 <0.000005>
mmap(NULL, 12288, PROT_READ|PROT_WRITE, MAP_PRIVATE|MAP_ANONYMOUS, -1, 0) = 0x7f3978158000 <0.000006>
arch_prctl(ARCH_SET_FS, 0x7f3978158740) = 0 <0.000005>
set_tid_address(0x7f3978158a10)         = 924646 <0.000005>
set_robust_list(0x7f3978158a20, 24)     = 0 <0.000005>
rseq(0x7f39781590e0, 0x20, 0, 0x53053053) = 0 <0.000004>
mprotect(0x7f3978370000, 16384, PROT_READ) = 0 <0.000007>
mprotect(0x5578a81cd000, 4096, PROT_READ) = 0 <0.000006>
mprotect(0x7f39783d0000, 8192, PROT_READ) = 0 <0.000007>
prlimit64(0, RLIMIT_STACK, NULL, {rlim_cur=8192*1024, rlim_max=RLIM64_INFINITY}) = 0 <0.000005>
munmap(0x7f3978383000, 74885)           = 0 <0.000011>
newfstatat(1, "", {st_mode=S_IFCHR|0620, st_rdev=makedev(0x88, 0x2), ...}, AT_EMPTY_PATH) = 0 <0.000006>
getrandom("\xef\x0e\xeb\x71\xef\x85\x22\x2a", 8, GRND_NONBLOCK) = 8 <0.000005>
brk(NULL)                               = 0x5578a85d1000 <0.000005>
brk(0x5578a85f2000)                     = 0x5578a85f2000 <0.000006>
write(1, "hello world\n", 12)           = 12 <0.000008>
exit_group(0)                           = ?
+++ exited with 0 +++
